 INFO: 21-Dec-22 21:51:10 - Starting the program
 INFO: 21-Dec-22 21:51:10 - Creating storage directory if not exist
 INFO: 21-Dec-22 21:51:10 - Reading input from user
 INFO: 21-Dec-22 21:51:16 - Given command: add_song
 INFO: 21-Dec-22 21:51:16 - start add_song method
 ERROR: 21-Dec-22 21:51:16 - Wrong number of parameters for add_song
 INFO: 21-Dec-22 21:51:16 - Reading input from user
 INFO: 21-Dec-22 21:51:36 - Given command: add_song
 INFO: 21-Dec-22 21:51:36 - start add_song method
 INFO: 21-Dec-22 21:51:36 - start check_files_extension_and_path method
 INFO: 21-Dec-22 21:51:36 - check_files_extension_and_path method end
 INFO: 21-Dec-22 21:51:36 - add_song method end. Song with id song-276eec42-5628-418a-909f-4710e7a4d50f was added in db
 INFO: 21-Dec-22 21:51:36 - Reading input from user
 INFO: 21-Dec-22 21:51:47 - Given command: play
 INFO: 21-Dec-22 21:51:47 - start play
 INFO: 21-Dec-22 21:51:47 - start search method
 INFO: 21-Dec-22 21:51:47 - search method end
 INFO: 21-Dec-22 21:51:47 - start check_files_extension_and_path method
 INFO: 21-Dec-22 21:51:47 - check_files_extension_and_path method end
 INFO: 21-Dec-22 21:51:53 - End Play
 INFO: 21-Dec-22 21:51:53 - Reading input from user
 INFO: 21-Dec-22 21:52:21 - Given command: play
 INFO: 21-Dec-22 21:52:21 - start play
 INFO: 21-Dec-22 21:52:21 - start search method
 INFO: 21-Dec-22 21:52:21 - search method end
 INFO: 21-Dec-22 21:52:21 - start check_files_extension_and_path method
 INFO: 21-Dec-22 21:52:21 - check_files_extension_and_path method end
 INFO: 21-Dec-22 21:52:25 - End Play
 INFO: 21-Dec-22 21:52:25 - Reading input from user
 INFO: 21-Dec-22 21:52:28 - Quitting the program
 INFO: 21-Dec-22 21:52:28 - Ending the program
